<?xml version="1.0" encoding="UTF-8"?>
<testsuite xmlns:xsi="http://www.w3.org/2001/XMLSchema-instance" xsi:noNamespaceSchemaLocation="https://maven.apache.org/surefire/maven-surefire-plugin/xsd/surefire-test-report-3.0.xsd" version="3.0" name="CrossWordTest" time="40.972" tests="3" errors="0" skipped="0" failures="0">
  <properties>
[...]
</properties>
  <testcase name="applySort" classname="CrossWordTest" time="0.009">
    <system-out><![CDATA[we are in crossworld
]]></system-out>
    <system-err><![CDATA[SLF4J: Failed to load class "org.slf4j.impl.StaticLoggerBinder".
SLF4J: Defaulting to no-operation (NOP) logger implementation
SLF4J: See http://www.slf4j.org/codes.html#StaticLoggerBinder for further details.
Nov 24, 2024 11:07:14 AM org.openqa.selenium.devtools.CdpVersionFinder findNearestMatch
WARNING: Unable to find an exact match for CDP version 131, returning the closest version; found: 130; Please update to a Selenium version that supports CDP version 131
]]></system-err>
  </testcase>
  <testcase name="test1" classname="CrossWordTest" time="0">
    <system-out><![CDATA[in test 1
]]></system-out>
  </testcase>
  <testcase name="test3" classname="CrossWordTest" time="0.001">
    <system-out><![CDATA[in test 3
]]></system-out>
  </testcase>
</testsuite>